<?xml version="1.0" encoding="UTF-8"?>
<testsuite name="Brute force attack" tests="1" skipped="0" failures="0" errors="0" timestamp="2022-02-13T11:42:05" hostname="DESKTOP-2OHRUJP" time="2.585">
  <properties/>
  <testcase name="Brute force attack" classname="Brute force attack" time="2.585"/>
  <system-out><![CDATA[
@smoke
Scenario: Brute force attack                                          ?[90m# build/resources/main/BruteForceAttack.feature:4?[0m
User1 -> 404
User2 -> 404
User3 -> 404
User4 -> 404
Brute force attack stopped
  ?[32mGiven ?[0m?[32mFour users are logged in Brute force attack should be stopped?[0m ?[90m# io.cucumber.skeleton.steps.StepDefinitions.threeUsersAreLoggedIn()?[0m
]]></system-out>
  <system-err><![CDATA[SLF4J: Failed to load class "org.slf4j.impl.StaticLoggerBinder".
SLF4J: Defaulting to no-operation (NOP) logger implementation
SLF4J: See http://www.slf4j.org/codes.html#StaticLoggerBinder for further details.
]]></system-err>
</testsuite>
